{"C:\\Users\\Lenovo\\Desktop\\track-it\\api\\server.js": {"path":"C:\\Users\\Lenovo\\Desktop\\track-it\\api\\server.js","statementMap":{"0":{"start":{"line":1,"column":16},"end":{"line":1,"column":34}},"1":{"start":{"line":2,"column":15},"end":{"line":2,"column":34}},"2":{"start":{"line":3,"column":12},"end":{"line":3,"column":35}},"3":{"start":{"line":4,"column":13},"end":{"line":4,"column":28}},"4":{"start":{"line":5,"column":13},"end":{"line":5,"column":37}},"5":{"start":{"line":6,"column":26},"end":{"line":6,"column":59}},"6":{"start":{"line":7,"column":13},"end":{"line":7,"column":28}},"7":{"start":{"line":8,"column":12},"end":{"line":8,"column":26}},"8":{"start":{"line":10,"column":0},"end":{"line":10,"column":27}},"9":{"start":{"line":12,"column":15},"end":{"line":12,"column":24}},"10":{"start":{"line":13,"column":0},"end":{"line":13,"column":19}},"11":{"start":{"line":14,"column":0},"end":{"line":14,"column":27}},"12":{"start":{"line":17,"column":0},"end":{"line":17,"column":33}},"13":{"start":{"line":20,"column":19},"end":{"line":20,"column":54}},"14":{"start":{"line":21,"column":0},"end":{"line":21,"column":31}},"15":{"start":{"line":24,"column":0},"end":{"line":24,"column":39}},"16":{"start":{"line":27,"column":0},"end":{"line":30,"column":2}},"17":{"start":{"line":28,"column":20},"end":{"line":28,"column":69}},"18":{"start":{"line":29,"column":4},"end":{"line":29,"column":28}},"19":{"start":{"line":33,"column":0},"end":{"line":36,"column":2}},"20":{"start":{"line":34,"column":20},"end":{"line":34,"column":69}},"21":{"start":{"line":35,"column":4},"end":{"line":35,"column":28}},"22":{"start":{"line":39,"column":0},"end":{"line":62,"column":2}},"23":{"start":{"line":40,"column":4},"end":{"line":61,"column":5}},"24":{"start":{"line":41,"column":21},"end":{"line":41,"column":59}},"25":{"start":{"line":42,"column":8},"end":{"line":42,"column":65}},"26":{"start":{"line":42,"column":21},"end":{"line":42,"column":63}},"27":{"start":{"line":43,"column":23},"end":{"line":43,"column":73}},"28":{"start":{"line":44,"column":8},"end":{"line":44,"column":28}},"29":{"start":{"line":45,"column":8},"end":{"line":58,"column":9}},"30":{"start":{"line":46,"column":28},"end":{"line":46,"column":70}},"31":{"start":{"line":47,"column":12},"end":{"line":47,"column":33}},"32":{"start":{"line":48,"column":30},"end":{"line":54,"column":13}},"33":{"start":{"line":49,"column":16},"end":{"line":49,"column":73}},"34":{"start":{"line":49,"column":27},"end":{"line":49,"column":71}},"35":{"start":{"line":50,"column":16},"end":{"line":53,"column":19}},"36":{"start":{"line":55,"column":12},"end":{"line":55,"column":73}},"37":{"start":{"line":57,"column":12},"end":{"line":57,"column":62}},"38":{"start":{"line":60,"column":8},"end":{"line":60,"column":38}},"39":{"start":{"line":64,"column":0},"end":{"line":72,"column":2}},"40":{"start":{"line":66,"column":4},"end":{"line":71,"column":5}},"41":{"start":{"line":67,"column":21},"end":{"line":67,"column":59}},"42":{"start":{"line":68,"column":8},"end":{"line":68,"column":35}},"43":{"start":{"line":70,"column":8},"end":{"line":70,"column":36}},"44":{"start":{"line":75,"column":0},"end":{"line":106,"column":2}},"45":{"start":{"line":76,"column":4},"end":{"line":105,"column":5}},"46":{"start":{"line":77,"column":21},"end":{"line":77,"column":29}},"47":{"start":{"line":79,"column":23},"end":{"line":84,"column":10}},"48":{"start":{"line":86,"column":23},"end":{"line":86,"column":44}},"49":{"start":{"line":87,"column":8},"end":{"line":87,"column":27}},"50":{"start":{"line":88,"column":8},"end":{"line":91,"column":9}},"51":{"start":{"line":90,"column":12},"end":{"line":90,"column":35}},"52":{"start":{"line":94,"column":21},"end":{"line":94,"column":43}},"53":{"start":{"line":95,"column":23},"end":{"line":95,"column":65}},"54":{"start":{"line":96,"column":25},"end":{"line":96,"column":42}},"55":{"start":{"line":97,"column":22},"end":{"line":97,"column":36}},"56":{"start":{"line":100,"column":21},"end":{"line":100,"column":63}},"57":{"start":{"line":102,"column":8},"end":{"line":102,"column":46}},"58":{"start":{"line":104,"column":8},"end":{"line":104,"column":38}},"59":{"start":{"line":108,"column":0},"end":{"line":108,"column":23}}},"fnMap":{"0":{"name":"(anonymous_0)","decl":{"start":{"line":27,"column":16},"end":{"line":27,"column":17}},"loc":{"start":{"line":27,"column":30},"end":{"line":30,"column":1}},"line":27},"1":{"name":"(anonymous_1)","decl":{"start":{"line":33,"column":21},"end":{"line":33,"column":22}},"loc":{"start":{"line":33,"column":41},"end":{"line":36,"column":1}},"line":33},"2":{"name":"(anonymous_2)","decl":{"start":{"line":39,"column":22},"end":{"line":39,"column":23}},"loc":{"start":{"line":39,"column":42},"end":{"line":62,"column":1}},"line":39},"3":{"name":"(anonymous_3)","decl":{"start":{"line":48,"column":30},"end":{"line":48,"column":31}},"loc":{"start":{"line":48,"column":46},"end":{"line":54,"column":13}},"line":48},"4":{"name":"(anonymous_4)","decl":{"start":{"line":64,"column":20},"end":{"line":64,"column":21}},"loc":{"start":{"line":64,"column":40},"end":{"line":72,"column":1}},"line":64},"5":{"name":"(anonymous_5)","decl":{"start":{"line":75,"column":25},"end":{"line":75,"column":26}},"loc":{"start":{"line":75,"column":45},"end":{"line":106,"column":1}},"line":75}},"branchMap":{"0":{"loc":{"start":{"line":42,"column":8},"end":{"line":42,"column":65}},"type":"if","locations":[{"start":{"line":42,"column":8},"end":{"line":42,"column":65}},{"start":{"line":42,"column":8},"end":{"line":42,"column":65}}],"line":42},"1":{"loc":{"start":{"line":45,"column":8},"end":{"line":58,"column":9}},"type":"if","locations":[{"start":{"line":45,"column":8},"end":{"line":58,"column":9}},{"start":{"line":45,"column":8},"end":{"line":58,"column":9}}],"line":45},"2":{"loc":{"start":{"line":49,"column":16},"end":{"line":49,"column":73}},"type":"if","locations":[{"start":{"line":49,"column":16},"end":{"line":49,"column":73}},{"start":{"line":49,"column":16},"end":{"line":49,"column":73}}],"line":49},"3":{"loc":{"start":{"line":88,"column":8},"end":{"line":91,"column":9}},"type":"if","locations":[{"start":{"line":88,"column":8},"end":{"line":91,"column":9}},{"start":{"line":88,"column":8},"end":{"line":91,"column":9}}],"line":88}},"s":{"0":2,"1":2,"2":2,"3":2,"4":2,"5":2,"6":2,"7":2,"8":2,"9":2,"10":2,"11":2,"12":2,"13":2,"14":2,"15":2,"16":2,"17":1,"18":1,"19":2,"20":1,"21":1,"22":2,"23":1,"24":1,"25":1,"26":1,"27":0,"28":0,"29":0,"30":0,"31":0,"32":0,"33":0,"34":0,"35":0,"36":0,"37":0,"38":1,"39":2,"40":0,"41":0,"42":0,"43":0,"44":2,"45":1,"46":1,"47":1,"48":1,"49":1,"50":1,"51":1,"52":0,"53":0,"54":0,"55":0,"56":0,"57":0,"58":0,"59":2},"f":{"0":1,"1":1,"2":1,"3":0,"4":0,"5":1},"b":{"0":[1,0],"1":[0,0],"2":[0,0],"3":[1,0]},"_coverageSchema":"1a1c01bbd47fc00a2c39e90264f33305004495a9","hash":"e9963d53c53974571d38e39afc90e0e2ffae851e"}
,"C:\\Users\\Lenovo\\Desktop\\track-it\\api\\controllers\\userRoutes.js": {"path":"C:\\Users\\Lenovo\\Desktop\\track-it\\api\\controllers\\userRoutes.js","statementMap":{"0":{"start":{"line":1,"column":16},"end":{"line":1,"column":34}},"1":{"start":{"line":2,"column":15},"end":{"line":2,"column":31}},"2":{"start":{"line":3,"column":12},"end":{"line":3,"column":26}},"3":{"start":{"line":4,"column":13},"end":{"line":4,"column":38}},"4":{"start":{"line":6,"column":26},"end":{"line":6,"column":60}},"5":{"start":{"line":10,"column":0},"end":{"line":17,"column":2}},"6":{"start":{"line":11,"column":4},"end":{"line":16,"column":5}},"7":{"start":{"line":12,"column":22},"end":{"line":12,"column":36}},"8":{"start":{"line":13,"column":8},"end":{"line":13,"column":27}},"9":{"start":{"line":15,"column":8},"end":{"line":15,"column":37}},"10":{"start":{"line":20,"column":0},"end":{"line":27,"column":2}},"11":{"start":{"line":21,"column":4},"end":{"line":26,"column":5}},"12":{"start":{"line":22,"column":21},"end":{"line":22,"column":55}},"13":{"start":{"line":23,"column":8},"end":{"line":23,"column":22}},"14":{"start":{"line":25,"column":8},"end":{"line":25,"column":37}},"15":{"start":{"line":30,"column":0},"end":{"line":37,"column":2}},"16":{"start":{"line":31,"column":4},"end":{"line":36,"column":5}},"17":{"start":{"line":32,"column":21},"end":{"line":32,"column":68}},"18":{"start":{"line":33,"column":8},"end":{"line":33,"column":22}},"19":{"start":{"line":35,"column":8},"end":{"line":35,"column":37}},"20":{"start":{"line":41,"column":0},"end":{"line":48,"column":2}},"21":{"start":{"line":42,"column":4},"end":{"line":47,"column":5}},"22":{"start":{"line":43,"column":23},"end":{"line":43,"column":53}},"23":{"start":{"line":44,"column":8},"end":{"line":44,"column":24}},"24":{"start":{"line":46,"column":8},"end":{"line":46,"column":37}},"25":{"start":{"line":53,"column":0},"end":{"line":61,"column":2}},"26":{"start":{"line":54,"column":4},"end":{"line":60,"column":5}},"27":{"start":{"line":56,"column":23},"end":{"line":56,"column":88}},"28":{"start":{"line":57,"column":8},"end":{"line":57,"column":24}},"29":{"start":{"line":59,"column":8},"end":{"line":59,"column":37}},"30":{"start":{"line":64,"column":0},"end":{"line":71,"column":2}},"31":{"start":{"line":65,"column":4},"end":{"line":70,"column":5}},"32":{"start":{"line":66,"column":29},"end":{"line":66,"column":66}},"33":{"start":{"line":67,"column":8},"end":{"line":67,"column":30}},"34":{"start":{"line":69,"column":8},"end":{"line":69,"column":37}},"35":{"start":{"line":78,"column":0},"end":{"line":86,"column":2}},"36":{"start":{"line":79,"column":4},"end":{"line":85,"column":5}},"37":{"start":{"line":80,"column":26},"end":{"line":80,"column":72}},"38":{"start":{"line":81,"column":8},"end":{"line":81,"column":31}},"39":{"start":{"line":82,"column":8},"end":{"line":82,"column":39}},"40":{"start":{"line":84,"column":8},"end":{"line":84,"column":37}},"41":{"start":{"line":89,"column":0},"end":{"line":112,"column":2}},"42":{"start":{"line":90,"column":4},"end":{"line":111,"column":5}},"43":{"start":{"line":105,"column":30},"end":{"line":105,"column":99}},"44":{"start":{"line":108,"column":8},"end":{"line":108,"column":43}},"45":{"start":{"line":110,"column":8},"end":{"line":110,"column":37}},"46":{"start":{"line":114,"column":0},"end":{"line":121,"column":2}},"47":{"start":{"line":115,"column":4},"end":{"line":120,"column":5}},"48":{"start":{"line":116,"column":30},"end":{"line":116,"column":76}},"49":{"start":{"line":117,"column":8},"end":{"line":117,"column":43}},"50":{"start":{"line":119,"column":8},"end":{"line":119,"column":37}},"51":{"start":{"line":123,"column":0},"end":{"line":130,"column":2}},"52":{"start":{"line":124,"column":4},"end":{"line":129,"column":5}},"53":{"start":{"line":125,"column":26},"end":{"line":125,"column":86}},"54":{"start":{"line":126,"column":8},"end":{"line":126,"column":39}},"55":{"start":{"line":128,"column":8},"end":{"line":128,"column":37}},"56":{"start":{"line":132,"column":0},"end":{"line":142,"column":2}},"57":{"start":{"line":133,"column":4},"end":{"line":141,"column":5}},"58":{"start":{"line":135,"column":29},"end":{"line":135,"column":117}},"59":{"start":{"line":137,"column":8},"end":{"line":137,"column":42}},"60":{"start":{"line":140,"column":8},"end":{"line":140,"column":37}},"61":{"start":{"line":144,"column":0},"end":{"line":156,"column":2}},"62":{"start":{"line":145,"column":4},"end":{"line":155,"column":5}},"63":{"start":{"line":146,"column":8},"end":{"line":146,"column":35}},"64":{"start":{"line":147,"column":8},"end":{"line":147,"column":40}},"65":{"start":{"line":149,"column":34},"end":{"line":149,"column":93}},"66":{"start":{"line":151,"column":8},"end":{"line":151,"column":47}},"67":{"start":{"line":154,"column":8},"end":{"line":154,"column":37}},"68":{"start":{"line":158,"column":0},"end":{"line":158,"column":23}}},"fnMap":{"0":{"name":"(anonymous_0)","decl":{"start":{"line":10,"column":35},"end":{"line":10,"column":36}},"loc":{"start":{"line":10,"column":55},"end":{"line":17,"column":1}},"line":10},"1":{"name":"(anonymous_1)","decl":{"start":{"line":20,"column":38},"end":{"line":20,"column":39}},"loc":{"start":{"line":20,"column":58},"end":{"line":27,"column":1}},"line":20},"2":{"name":"(anonymous_2)","decl":{"start":{"line":30,"column":36},"end":{"line":30,"column":37}},"loc":{"start":{"line":30,"column":56},"end":{"line":37,"column":1}},"line":30},"3":{"name":"(anonymous_3)","decl":{"start":{"line":41,"column":45},"end":{"line":41,"column":46}},"loc":{"start":{"line":41,"column":65},"end":{"line":48,"column":1}},"line":41},"4":{"name":"(anonymous_4)","decl":{"start":{"line":53,"column":46},"end":{"line":53,"column":47}},"loc":{"start":{"line":53,"column":66},"end":{"line":61,"column":1}},"line":53},"5":{"name":"(anonymous_5)","decl":{"start":{"line":64,"column":46},"end":{"line":64,"column":47}},"loc":{"start":{"line":64,"column":66},"end":{"line":71,"column":1}},"line":64},"6":{"name":"(anonymous_6)","decl":{"start":{"line":78,"column":55},"end":{"line":78,"column":56}},"loc":{"start":{"line":78,"column":75},"end":{"line":86,"column":1}},"line":78},"7":{"name":"(anonymous_7)","decl":{"start":{"line":89,"column":38},"end":{"line":89,"column":39}},"loc":{"start":{"line":89,"column":58},"end":{"line":112,"column":1}},"line":89},"8":{"name":"(anonymous_8)","decl":{"start":{"line":114,"column":51},"end":{"line":114,"column":52}},"loc":{"start":{"line":114,"column":71},"end":{"line":121,"column":1}},"line":114},"9":{"name":"(anonymous_9)","decl":{"start":{"line":123,"column":49},"end":{"line":123,"column":50}},"loc":{"start":{"line":123,"column":69},"end":{"line":130,"column":1}},"line":123},"10":{"name":"(anonymous_10)","decl":{"start":{"line":132,"column":63},"end":{"line":132,"column":64}},"loc":{"start":{"line":132,"column":83},"end":{"line":142,"column":1}},"line":132},"11":{"name":"(anonymous_11)","decl":{"start":{"line":144,"column":58},"end":{"line":144,"column":59}},"loc":{"start":{"line":144,"column":78},"end":{"line":156,"column":1}},"line":144}},"branchMap":{},"s":{"0":2,"1":2,"2":2,"3":2,"4":2,"5":2,"6":0,"7":0,"8":0,"9":0,"10":2,"11":0,"12":0,"13":0,"14":0,"15":2,"16":0,"17":0,"18":0,"19":0,"20":2,"21":0,"22":0,"23":0,"24":0,"25":2,"26":0,"27":0,"28":0,"29":0,"30":2,"31":0,"32":0,"33":0,"34":0,"35":2,"36":0,"37":0,"38":0,"39":0,"40":0,"41":2,"42":1,"43":1,"44":1,"45":0,"46":2,"47":0,"48":0,"49":0,"50":0,"51":2,"52":0,"53":0,"54":0,"55":0,"56":2,"57":0,"58":0,"59":0,"60":0,"61":2,"62":0,"63":0,"64":0,"65":0,"66":0,"67":0,"68":2},"f":{"0":0,"1":0,"2":0,"3":0,"4":0,"5":0,"6":0,"7":1,"8":0,"9":0,"10":0,"11":0},"b":{},"_coverageSchema":"1a1c01bbd47fc00a2c39e90264f33305004495a9","hash":"6f48d4d0664b63530bb6e8a32c226589ab8e89df"}
,"C:\\Users\\Lenovo\\Desktop\\track-it\\api\\dbConfig\\init.js": {"path":"C:\\Users\\Lenovo\\Desktop\\track-it\\api\\dbConfig\\init.js","statementMap":{"0":{"start":{"line":1,"column":0},"end":{"line":1,"column":26}},"1":{"start":{"line":2,"column":24},"end":{"line":2,"column":42}},"2":{"start":{"line":5,"column":15},"end":{"line":5,"column":30}},"3":{"start":{"line":8,"column":22},"end":{"line":8,"column":48}},"4":{"start":{"line":10,"column":13},"end":{"line":14,"column":1}},"5":{"start":{"line":11,"column":15},"end":{"line":11,"column":55}},"6":{"start":{"line":12,"column":2},"end":{"line":12,"column":47}},"7":{"start":{"line":13,"column":2},"end":{"line":13,"column":15}},"8":{"start":{"line":17,"column":0},"end":{"line":17,"column":26}}},"fnMap":{"0":{"name":"(anonymous_0)","decl":{"start":{"line":10,"column":13},"end":{"line":10,"column":14}},"loc":{"start":{"line":10,"column":25},"end":{"line":14,"column":1}},"line":10}},"branchMap":{},"s":{"0":4,"1":4,"2":4,"3":4,"4":4,"5":2,"6":2,"7":2,"8":4},"f":{"0":2},"b":{},"_coverageSchema":"1a1c01bbd47fc00a2c39e90264f33305004495a9","hash":"70b0cc8e5b6e3293111f3f86e024887a00667e7e"}
,"C:\\Users\\Lenovo\\Desktop\\track-it\\api\\middleware\\tokenAuth.js": {"path":"C:\\Users\\Lenovo\\Desktop\\track-it\\api\\middleware\\tokenAuth.js","statementMap":{"0":{"start":{"line":1,"column":12},"end":{"line":1,"column":35}},"1":{"start":{"line":5,"column":23},"end":{"line":5,"column":51}},"2":{"start":{"line":6,"column":18},"end":{"line":6,"column":56}},"3":{"start":{"line":7,"column":4},"end":{"line":7,"column":49}},"4":{"start":{"line":7,"column":23},"end":{"line":7,"column":49}},"5":{"start":{"line":9,"column":4},"end":{"line":15,"column":6}},"6":{"start":{"line":10,"column":8},"end":{"line":14,"column":9}},"7":{"start":{"line":11,"column":12},"end":{"line":11,"column":58}},"8":{"start":{"line":13,"column":12},"end":{"line":13,"column":19}},"9":{"start":{"line":18,"column":0},"end":{"line":18,"column":34}}},"fnMap":{"0":{"name":"authenticateToken","decl":{"start":{"line":4,"column":9},"end":{"line":4,"column":26}},"loc":{"start":{"line":4,"column":43},"end":{"line":16,"column":1}},"line":4},"1":{"name":"(anonymous_1)","decl":{"start":{"line":9,"column":55},"end":{"line":9,"column":56}},"loc":{"start":{"line":9,"column":76},"end":{"line":15,"column":5}},"line":9}},"branchMap":{"0":{"loc":{"start":{"line":6,"column":18},"end":{"line":6,"column":56}},"type":"binary-expr","locations":[{"start":{"line":6,"column":18},"end":{"line":6,"column":28}},{"start":{"line":6,"column":32},"end":{"line":6,"column":56}}],"line":6},"1":{"loc":{"start":{"line":7,"column":4},"end":{"line":7,"column":49}},"type":"if","locations":[{"start":{"line":7,"column":4},"end":{"line":7,"column":49}},{"start":{"line":7,"column":4},"end":{"line":7,"column":49}}],"line":7},"2":{"loc":{"start":{"line":10,"column":8},"end":{"line":14,"column":9}},"type":"if","locations":[{"start":{"line":10,"column":8},"end":{"line":14,"column":9}},{"start":{"line":10,"column":8},"end":{"line":14,"column":9}}],"line":10}},"s":{"0":2,"1":4,"2":4,"3":4,"4":4,"5":0,"6":0,"7":0,"8":0,"9":2},"f":{"0":4,"1":0},"b":{"0":[4,0],"1":[4,0],"2":[0,0]},"_coverageSchema":"1a1c01bbd47fc00a2c39e90264f33305004495a9","hash":"3829deaf2fe3bd9f9e59ed74a32bc95d26c95cb8"}
,"C:\\Users\\Lenovo\\Desktop\\track-it\\api\\models\\user.js": {"path":"C:\\Users\\Lenovo\\Desktop\\track-it\\api\\models\\user.js","statementMap":{"0":{"start":{"line":1,"column":17},"end":{"line":1,"column":44}},"1":{"start":{"line":2,"column":21},"end":{"line":2,"column":39}},"2":{"start":{"line":4,"column":15},"end":{"line":4,"column":30}},"3":{"start":{"line":7,"column":8},"end":{"line":7,"column":25}},"4":{"start":{"line":8,"column":8},"end":{"line":8,"column":37}},"5":{"start":{"line":9,"column":8},"end":{"line":9,"column":31}},"6":{"start":{"line":10,"column":8},"end":{"line":10,"column":29}},"7":{"start":{"line":11,"column":8},"end":{"line":11,"column":33}},"8":{"start":{"line":16,"column":8},"end":{"line":28,"column":10}},"9":{"start":{"line":17,"column":12},"end":{"line":27,"column":13}},"10":{"start":{"line":18,"column":31},"end":{"line":18,"column":43}},"11":{"start":{"line":19,"column":33},"end":{"line":19,"column":90}},"12":{"start":{"line":21,"column":16},"end":{"line":21,"column":30}},"13":{"start":{"line":22,"column":30},"end":{"line":22,"column":78}},"14":{"start":{"line":22,"column":48},"end":{"line":22,"column":77}},"15":{"start":{"line":23,"column":16},"end":{"line":23,"column":31}},"16":{"start":{"line":25,"column":16},"end":{"line":25,"column":33}},"17":{"start":{"line":26,"column":16},"end":{"line":26,"column":48}},"18":{"start":{"line":34,"column":8},"end":{"line":49,"column":11}},"19":{"start":{"line":35,"column":12},"end":{"line":48,"column":13}},"20":{"start":{"line":36,"column":31},"end":{"line":36,"column":43}},"21":{"start":{"line":38,"column":31},"end":{"line":38,"column":116}},"22":{"start":{"line":39,"column":16},"end":{"line":39,"column":38}},"23":{"start":{"line":42,"column":27},"end":{"line":42,"column":38}},"24":{"start":{"line":43,"column":16},"end":{"line":43,"column":30}},"25":{"start":{"line":44,"column":16},"end":{"line":44,"column":30}},"26":{"start":{"line":46,"column":16},"end":{"line":46,"column":33}},"27":{"start":{"line":47,"column":16},"end":{"line":47,"column":41}},"28":{"start":{"line":53,"column":8},"end":{"line":64,"column":11}},"29":{"start":{"line":54,"column":12},"end":{"line":63,"column":13}},"30":{"start":{"line":55,"column":31},"end":{"line":55,"column":43}},"31":{"start":{"line":56,"column":31},"end":{"line":56,"column":130}},"32":{"start":{"line":57,"column":16},"end":{"line":57,"column":38}},"33":{"start":{"line":58,"column":30},"end":{"line":58,"column":48}},"34":{"start":{"line":59,"column":16},"end":{"line":59,"column":30}},"35":{"start":{"line":60,"column":16},"end":{"line":60,"column":33}},"36":{"start":{"line":62,"column":16},"end":{"line":62,"column":46}},"37":{"start":{"line":68,"column":8},"end":{"line":77,"column":11}},"38":{"start":{"line":69,"column":12},"end":{"line":76,"column":13}},"39":{"start":{"line":70,"column":31},"end":{"line":70,"column":43}},"40":{"start":{"line":71,"column":29},"end":{"line":71,"column":106}},"41":{"start":{"line":72,"column":35},"end":{"line":72,"column":49}},"42":{"start":{"line":73,"column":16},"end":{"line":73,"column":36}},"43":{"start":{"line":75,"column":16},"end":{"line":75,"column":41}},"44":{"start":{"line":83,"column":8},"end":{"line":93,"column":11}},"45":{"start":{"line":84,"column":12},"end":{"line":92,"column":13}},"46":{"start":{"line":85,"column":31},"end":{"line":85,"column":43}},"47":{"start":{"line":86,"column":29},"end":{"line":86,"column":105}},"48":{"start":{"line":87,"column":39},"end":{"line":87,"column":53}},"49":{"start":{"line":88,"column":16},"end":{"line":88,"column":73}},"50":{"start":{"line":89,"column":16},"end":{"line":89,"column":40}},"51":{"start":{"line":91,"column":16},"end":{"line":91,"column":46}},"52":{"start":{"line":99,"column":8},"end":{"line":110,"column":11}},"53":{"start":{"line":100,"column":12},"end":{"line":109,"column":13}},"54":{"start":{"line":101,"column":31},"end":{"line":101,"column":43}},"55":{"start":{"line":102,"column":29},"end":{"line":102,"column":116}},"56":{"start":{"line":103,"column":35},"end":{"line":103,"column":60}},"57":{"start":{"line":104,"column":16},"end":{"line":104,"column":48}},"58":{"start":{"line":105,"column":16},"end":{"line":105,"column":120}},"59":{"start":{"line":105,"column":64},"end":{"line":105,"column":117}},"60":{"start":{"line":106,"column":16},"end":{"line":106,"column":36}},"61":{"start":{"line":108,"column":16},"end":{"line":108,"column":58}},"62":{"start":{"line":114,"column":8},"end":{"line":126,"column":11}},"63":{"start":{"line":115,"column":12},"end":{"line":125,"column":13}},"64":{"start":{"line":116,"column":31},"end":{"line":116,"column":43}},"65":{"start":{"line":117,"column":29},"end":{"line":117,"column":116}},"66":{"start":{"line":118,"column":35},"end":{"line":118,"column":60}},"67":{"start":{"line":119,"column":16},"end":{"line":119,"column":48}},"68":{"start":{"line":120,"column":16},"end":{"line":120,"column":120}},"69":{"start":{"line":120,"column":64},"end":{"line":120,"column":117}},"70":{"start":{"line":121,"column":16},"end":{"line":121,"column":51}},"71":{"start":{"line":122,"column":16},"end":{"line":122,"column":36}},"72":{"start":{"line":124,"column":16},"end":{"line":124,"column":58}},"73":{"start":{"line":134,"column":8},"end":{"line":155,"column":11}},"74":{"start":{"line":135,"column":12},"end":{"line":154,"column":13}},"75":{"start":{"line":136,"column":31},"end":{"line":136,"column":43}},"76":{"start":{"line":137,"column":16},"end":{"line":149,"column":19}},"77":{"start":{"line":138,"column":20},"end":{"line":148,"column":21}},"78":{"start":{"line":150,"column":16},"end":{"line":150,"column":45}},"79":{"start":{"line":153,"column":16},"end":{"line":153,"column":58}},"80":{"start":{"line":162,"column":8},"end":{"line":183,"column":10}},"81":{"start":{"line":163,"column":12},"end":{"line":182,"column":13}},"82":{"start":{"line":165,"column":31},"end":{"line":165,"column":43}},"83":{"start":{"line":166,"column":29},"end":{"line":166,"column":116}},"84":{"start":{"line":167,"column":38},"end":{"line":167,"column":63}},"85":{"start":{"line":168,"column":16},"end":{"line":168,"column":51}},"86":{"start":{"line":172,"column":16},"end":{"line":172,"column":196}},"87":{"start":{"line":172,"column":67},"end":{"line":172,"column":193}},"88":{"start":{"line":172,"column":168},"end":{"line":172,"column":185}},"89":{"start":{"line":178,"column":16},"end":{"line":178,"column":30}},"90":{"start":{"line":179,"column":16},"end":{"line":179,"column":39}},"91":{"start":{"line":181,"column":16},"end":{"line":181,"column":64}},"92":{"start":{"line":190,"column":8},"end":{"line":209,"column":11}},"93":{"start":{"line":191,"column":12},"end":{"line":208,"column":13}},"94":{"start":{"line":192,"column":31},"end":{"line":192,"column":43}},"95":{"start":{"line":193,"column":29},"end":{"line":193,"column":116}},"96":{"start":{"line":194,"column":38},"end":{"line":194,"column":62}},"97":{"start":{"line":195,"column":16},"end":{"line":195,"column":51}},"98":{"start":{"line":197,"column":16},"end":{"line":197,"column":30}},"99":{"start":{"line":198,"column":40},"end":{"line":203,"column":17}},"100":{"start":{"line":199,"column":35},"end":{"line":201,"column":22}},"101":{"start":{"line":200,"column":24},"end":{"line":200,"column":56}},"102":{"start":{"line":202,"column":20},"end":{"line":202,"column":34}},"103":{"start":{"line":204,"column":16},"end":{"line":204,"column":80}},"104":{"start":{"line":205,"column":16},"end":{"line":205,"column":38}},"105":{"start":{"line":207,"column":16},"end":{"line":207,"column":64}},"106":{"start":{"line":215,"column":8},"end":{"line":228,"column":11}},"107":{"start":{"line":216,"column":12},"end":{"line":227,"column":13}},"108":{"start":{"line":217,"column":31},"end":{"line":217,"column":43}},"109":{"start":{"line":218,"column":29},"end":{"line":218,"column":116}},"110":{"start":{"line":219,"column":43},"end":{"line":219,"column":113}},"111":{"start":{"line":219,"column":88},"end":{"line":219,"column":112}},"112":{"start":{"line":220,"column":36},"end":{"line":220,"column":40}},"113":{"start":{"line":221,"column":16},"end":{"line":221,"column":96}},"114":{"start":{"line":222,"column":16},"end":{"line":222,"column":62}},"115":{"start":{"line":223,"column":33},"end":{"line":223,"column":221}},"116":{"start":{"line":224,"column":16},"end":{"line":224,"column":33}},"117":{"start":{"line":226,"column":16},"end":{"line":226,"column":50}},"118":{"start":{"line":233,"column":8},"end":{"line":249,"column":11}},"119":{"start":{"line":234,"column":12},"end":{"line":248,"column":13}},"120":{"start":{"line":235,"column":31},"end":{"line":235,"column":43}},"121":{"start":{"line":236,"column":29},"end":{"line":236,"column":116}},"122":{"start":{"line":237,"column":16},"end":{"line":237,"column":33}},"123":{"start":{"line":238,"column":43},"end":{"line":238,"column":113}},"124":{"start":{"line":238,"column":88},"end":{"line":238,"column":112}},"125":{"start":{"line":239,"column":36},"end":{"line":239,"column":40}},"126":{"start":{"line":240,"column":16},"end":{"line":240,"column":72}},"127":{"start":{"line":242,"column":16},"end":{"line":242,"column":62}},"128":{"start":{"line":243,"column":36},"end":{"line":243,"column":224}},"129":{"start":{"line":245,"column":16},"end":{"line":245,"column":36}},"130":{"start":{"line":247,"column":16},"end":{"line":247,"column":50}},"131":{"start":{"line":258,"column":0},"end":{"line":258,"column":22}}},"fnMap":{"0":{"name":"(anonymous_0)","decl":{"start":{"line":6,"column":4},"end":{"line":6,"column":5}},"loc":{"start":{"line":6,"column":22},"end":{"line":12,"column":5}},"line":6},"1":{"name":"(anonymous_1)","decl":{"start":{"line":15,"column":4},"end":{"line":15,"column":5}},"loc":{"start":{"line":15,"column":21},"end":{"line":29,"column":5}},"line":15},"2":{"name":"(anonymous_2)","decl":{"start":{"line":16,"column":27},"end":{"line":16,"column":28}},"loc":{"start":{"line":16,"column":54},"end":{"line":28,"column":9}},"line":16},"3":{"name":"(anonymous_3)","decl":{"start":{"line":22,"column":43},"end":{"line":22,"column":44}},"loc":{"start":{"line":22,"column":48},"end":{"line":22,"column":77}},"line":22},"4":{"name":"(anonymous_4)","decl":{"start":{"line":33,"column":4},"end":{"line":33,"column":5}},"loc":{"start":{"line":33,"column":30},"end":{"line":50,"column":5}},"line":33},"5":{"name":"(anonymous_5)","decl":{"start":{"line":34,"column":27},"end":{"line":34,"column":28}},"loc":{"start":{"line":34,"column":54},"end":{"line":49,"column":9}},"line":34},"6":{"name":"(anonymous_6)","decl":{"start":{"line":52,"column":4},"end":{"line":52,"column":5}},"loc":{"start":{"line":52,"column":37},"end":{"line":65,"column":5}},"line":52},"7":{"name":"(anonymous_7)","decl":{"start":{"line":53,"column":27},"end":{"line":53,"column":28}},"loc":{"start":{"line":53,"column":54},"end":{"line":64,"column":9}},"line":53},"8":{"name":"(anonymous_8)","decl":{"start":{"line":67,"column":4},"end":{"line":67,"column":5}},"loc":{"start":{"line":67,"column":21},"end":{"line":78,"column":5}},"line":67},"9":{"name":"(anonymous_9)","decl":{"start":{"line":68,"column":27},"end":{"line":68,"column":28}},"loc":{"start":{"line":68,"column":54},"end":{"line":77,"column":9}},"line":68},"10":{"name":"(anonymous_10)","decl":{"start":{"line":82,"column":4},"end":{"line":82,"column":5}},"loc":{"start":{"line":82,"column":48},"end":{"line":94,"column":5}},"line":82},"11":{"name":"(anonymous_11)","decl":{"start":{"line":83,"column":27},"end":{"line":83,"column":28}},"loc":{"start":{"line":83,"column":54},"end":{"line":93,"column":9}},"line":83},"12":{"name":"(anonymous_12)","decl":{"start":{"line":98,"column":4},"end":{"line":98,"column":5}},"loc":{"start":{"line":98,"column":36},"end":{"line":111,"column":5}},"line":98},"13":{"name":"(anonymous_13)","decl":{"start":{"line":99,"column":27},"end":{"line":99,"column":28}},"loc":{"start":{"line":99,"column":54},"end":{"line":110,"column":9}},"line":99},"14":{"name":"(anonymous_14)","decl":{"start":{"line":105,"column":55},"end":{"line":105,"column":56}},"loc":{"start":{"line":105,"column":62},"end":{"line":105,"column":119}},"line":105},"15":{"name":"(anonymous_15)","decl":{"start":{"line":113,"column":4},"end":{"line":113,"column":5}},"loc":{"start":{"line":113,"column":44},"end":{"line":127,"column":5}},"line":113},"16":{"name":"(anonymous_16)","decl":{"start":{"line":114,"column":27},"end":{"line":114,"column":28}},"loc":{"start":{"line":114,"column":54},"end":{"line":126,"column":9}},"line":114},"17":{"name":"(anonymous_17)","decl":{"start":{"line":120,"column":55},"end":{"line":120,"column":56}},"loc":{"start":{"line":120,"column":62},"end":{"line":120,"column":119}},"line":120},"18":{"name":"(anonymous_18)","decl":{"start":{"line":132,"column":4},"end":{"line":132,"column":5}},"loc":{"start":{"line":132,"column":56},"end":{"line":156,"column":5}},"line":132},"19":{"name":"(anonymous_19)","decl":{"start":{"line":134,"column":27},"end":{"line":134,"column":28}},"loc":{"start":{"line":134,"column":54},"end":{"line":155,"column":9}},"line":134},"20":{"name":"(anonymous_20)","decl":{"start":{"line":137,"column":48},"end":{"line":137,"column":49}},"loc":{"start":{"line":137,"column":65},"end":{"line":149,"column":17}},"line":137},"21":{"name":"(anonymous_21)","decl":{"start":{"line":161,"column":4},"end":{"line":161,"column":5}},"loc":{"start":{"line":161,"column":36},"end":{"line":186,"column":5}},"line":161},"22":{"name":"(anonymous_22)","decl":{"start":{"line":162,"column":27},"end":{"line":162,"column":28}},"loc":{"start":{"line":162,"column":54},"end":{"line":183,"column":9}},"line":162},"23":{"name":"(anonymous_23)","decl":{"start":{"line":172,"column":58},"end":{"line":172,"column":59}},"loc":{"start":{"line":172,"column":65},"end":{"line":172,"column":195}},"line":172},"24":{"name":"(anonymous_24)","decl":{"start":{"line":172,"column":151},"end":{"line":172,"column":152}},"loc":{"start":{"line":172,"column":166},"end":{"line":172,"column":187}},"line":172},"25":{"name":"(anonymous_25)","decl":{"start":{"line":189,"column":4},"end":{"line":189,"column":5}},"loc":{"start":{"line":189,"column":43},"end":{"line":210,"column":5}},"line":189},"26":{"name":"(anonymous_26)","decl":{"start":{"line":190,"column":27},"end":{"line":190,"column":28}},"loc":{"start":{"line":190,"column":54},"end":{"line":209,"column":9}},"line":190},"27":{"name":"(anonymous_27)","decl":{"start":{"line":198,"column":40},"end":{"line":198,"column":41}},"loc":{"start":{"line":198,"column":58},"end":{"line":203,"column":17}},"line":198},"28":{"name":"(anonymous_28)","decl":{"start":{"line":199,"column":49},"end":{"line":199,"column":50}},"loc":{"start":{"line":199,"column":54},"end":{"line":201,"column":21}},"line":199},"29":{"name":"(anonymous_29)","decl":{"start":{"line":214,"column":4},"end":{"line":214,"column":5}},"loc":{"start":{"line":214,"column":63},"end":{"line":229,"column":5}},"line":214},"30":{"name":"(anonymous_30)","decl":{"start":{"line":215,"column":27},"end":{"line":215,"column":28}},"loc":{"start":{"line":215,"column":54},"end":{"line":228,"column":9}},"line":215},"31":{"name":"(anonymous_31)","decl":{"start":{"line":219,"column":68},"end":{"line":219,"column":69}},"loc":{"start":{"line":219,"column":88},"end":{"line":219,"column":112}},"line":219},"32":{"name":"(anonymous_32)","decl":{"start":{"line":232,"column":4},"end":{"line":232,"column":5}},"loc":{"start":{"line":232,"column":41},"end":{"line":250,"column":5}},"line":232},"33":{"name":"(anonymous_33)","decl":{"start":{"line":233,"column":27},"end":{"line":233,"column":28}},"loc":{"start":{"line":233,"column":54},"end":{"line":249,"column":9}},"line":233},"34":{"name":"(anonymous_34)","decl":{"start":{"line":238,"column":68},"end":{"line":238,"column":69}},"loc":{"start":{"line":238,"column":88},"end":{"line":238,"column":112}},"line":238}},"branchMap":{},"s":{"0":3,"1":3,"2":3,"3":0,"4":0,"5":0,"6":0,"7":0,"8":0,"9":0,"10":0,"11":0,"12":0,"13":0,"14":0,"15":0,"16":0,"17":0,"18":1,"19":1,"20":1,"21":1,"22":1,"23":1,"24":1,"25":1,"26":0,"27":0,"28":0,"29":0,"30":0,"31":0,"32":0,"33":0,"34":0,"35":0,"36":0,"37":0,"38":0,"39":0,"40":0,"41":0,"42":0,"43":0,"44":0,"45":0,"46":0,"47":0,"48":0,"49":0,"50":0,"51":0,"52":0,"53":0,"54":0,"55":0,"56":0,"57":0,"58":0,"59":0,"60":0,"61":0,"62":0,"63":0,"64":0,"65":0,"66":0,"67":0,"68":0,"69":0,"70":0,"71":0,"72":0,"73":1,"74":1,"75":1,"76":1,"77":1,"78":1,"79":0,"80":0,"81":0,"82":0,"83":0,"84":0,"85":0,"86":0,"87":0,"88":0,"89":0,"90":0,"91":0,"92":0,"93":0,"94":0,"95":0,"96":0,"97":0,"98":0,"99":0,"100":0,"101":0,"102":0,"103":0,"104":0,"105":0,"106":0,"107":0,"108":0,"109":0,"110":0,"111":0,"112":0,"113":0,"114":0,"115":0,"116":0,"117":0,"118":0,"119":0,"120":0,"121":0,"122":0,"123":0,"124":0,"125":0,"126":0,"127":0,"128":0,"129":0,"130":0,"131":3},"f":{"0":0,"1":0,"2":0,"3":0,"4":1,"5":1,"6":0,"7":0,"8":0,"9":0,"10":0,"11":0,"12":0,"13":0,"14":0,"15":0,"16":0,"17":0,"18":1,"19":1,"20":1,"21":0,"22":0,"23":0,"24":0,"25":0,"26":0,"27":0,"28":0,"29":0,"30":0,"31":0,"32":0,"33":0,"34":0},"b":{},"_coverageSchema":"1a1c01bbd47fc00a2c39e90264f33305004495a9","hash":"987b3776074e6c714e05e2c9089c8490c889537b"}
,"C:\\Users\\Lenovo\\Desktop\\track-it\\api\\tests\\testDb\\initTest.js": {"path":"C:\\Users\\Lenovo\\Desktop\\track-it\\api\\tests\\testDb\\initTest.js","statementMap":{"0":{"start":{"line":1,"column":0},"end":{"line":1,"column":26}},"1":{"start":{"line":2,"column":24},"end":{"line":2,"column":42}},"2":{"start":{"line":4,"column":22},"end":{"line":4,"column":53}},"3":{"start":{"line":6,"column":17},"end":{"line":13,"column":1}},"4":{"start":{"line":9,"column":15},"end":{"line":9,"column":55}},"5":{"start":{"line":12,"column":2},"end":{"line":12,"column":15}},"6":{"start":{"line":14,"column":0},"end":{"line":14,"column":30}}},"fnMap":{"0":{"name":"(anonymous_0)","decl":{"start":{"line":6,"column":17},"end":{"line":6,"column":18}},"loc":{"start":{"line":6,"column":29},"end":{"line":13,"column":1}},"line":6}},"branchMap":{},"s":{"0":1,"1":1,"2":1,"3":1,"4":2,"5":0,"6":1},"f":{"0":2},"b":{},"_coverageSchema":"1a1c01bbd47fc00a2c39e90264f33305004495a9","hash":"67f33d5679b63db7052cb2f8d4c57a9bec366cd2"}
}
