TN:
SF:server.js
FN:27,(anonymous_0)
FN:33,(anonymous_1)
FN:39,(anonymous_2)
FN:48,(anonymous_3)
FN:64,(anonymous_4)
FN:75,(anonymous_5)
FNF:6
FNH:4
FNDA:1,(anonymous_0)
FNDA:1,(anonymous_1)
FNDA:1,(anonymous_2)
FNDA:0,(anonymous_3)
FNDA:0,(anonymous_4)
FNDA:1,(anonymous_5)
DA:1,2
DA:2,2
DA:3,2
DA:4,2
DA:5,2
DA:6,2
DA:7,2
DA:8,2
DA:10,2
DA:12,2
DA:13,2
DA:14,2
DA:17,2
DA:20,2
DA:21,2
DA:24,2
DA:27,2
DA:28,1
DA:29,1
DA:33,2
DA:34,1
DA:35,1
DA:39,2
DA:40,1
DA:41,1
DA:42,1
DA:43,0
DA:44,0
DA:45,0
DA:46,0
DA:47,0
DA:48,0
DA:49,0
DA:50,0
DA:55,0
DA:57,0
DA:60,1
DA:64,2
DA:66,0
DA:67,0
DA:68,0
DA:70,0
DA:75,2
DA:76,1
DA:77,1
DA:79,1
DA:86,1
DA:87,1
DA:88,1
DA:90,1
DA:94,0
DA:95,0
DA:96,0
DA:97,0
DA:100,0
DA:102,0
DA:104,0
DA:108,2
LF:58
LH:37
BRDA:42,0,0,1
BRDA:42,0,1,0
BRDA:45,1,0,0
BRDA:45,1,1,0
BRDA:49,2,0,0
BRDA:49,2,1,0
BRDA:88,3,0,1
BRDA:88,3,1,0
BRF:8
BRH:2
end_of_record
TN:
SF:controllers\userRoutes.js
FN:10,(anonymous_0)
FN:20,(anonymous_1)
FN:30,(anonymous_2)
FN:41,(anonymous_3)
FN:53,(anonymous_4)
FN:64,(anonymous_5)
FN:78,(anonymous_6)
FN:89,(anonymous_7)
FN:114,(anonymous_8)
FN:123,(anonymous_9)
FN:132,(anonymous_10)
FN:144,(anonymous_11)
FNF:12
FNH:1
FNDA:0,(anonymous_0)
FNDA:0,(anonymous_1)
FNDA:0,(anonymous_2)
FNDA:0,(anonymous_3)
FNDA:0,(anonymous_4)
FNDA:0,(anonymous_5)
FNDA:0,(anonymous_6)
FNDA:1,(anonymous_7)
FNDA:0,(anonymous_8)
FNDA:0,(anonymous_9)
FNDA:0,(anonymous_10)
FNDA:0,(anonymous_11)
DA:1,2
DA:2,2
DA:3,2
DA:4,2
DA:6,2
DA:10,2
DA:11,0
DA:12,0
DA:13,0
DA:15,0
DA:20,2
DA:21,0
DA:22,0
DA:23,0
DA:25,0
DA:30,2
DA:31,0
DA:32,0
DA:33,0
DA:35,0
DA:41,2
DA:42,0
DA:43,0
DA:44,0
DA:46,0
DA:53,2
DA:54,0
DA:56,0
DA:57,0
DA:59,0
DA:64,2
DA:65,0
DA:66,0
DA:67,0
DA:69,0
DA:78,2
DA:79,0
DA:80,0
DA:81,0
DA:82,0
DA:84,0
DA:89,2
DA:90,1
DA:105,1
DA:108,1
DA:110,0
DA:114,2
DA:115,0
DA:116,0
DA:117,0
DA:119,0
DA:123,2
DA:124,0
DA:125,0
DA:126,0
DA:128,0
DA:132,2
DA:133,0
DA:135,0
DA:137,0
DA:140,0
DA:144,2
DA:145,0
DA:146,0
DA:147,0
DA:149,0
DA:151,0
DA:154,0
DA:158,2
LF:69
LH:21
BRF:0
BRH:0
end_of_record
TN:
SF:dbConfig\init.js
FN:10,(anonymous_0)
FNF:1
FNH:1
FNDA:2,(anonymous_0)
DA:1,4
DA:2,4
DA:5,4
DA:8,4
DA:10,4
DA:11,2
DA:12,2
DA:13,2
DA:17,4
LF:9
LH:9
BRF:0
BRH:0
end_of_record
TN:
SF:middleware\tokenAuth.js
FN:4,authenticateToken
FN:9,(anonymous_1)
FNF:2
FNH:1
FNDA:4,authenticateToken
FNDA:0,(anonymous_1)
DA:1,2
DA:5,4
DA:6,4
DA:7,4
DA:9,0
DA:10,0
DA:11,0
DA:13,0
DA:18,2
LF:9
LH:5
BRDA:6,0,0,4
BRDA:6,0,1,0
BRDA:7,1,0,4
BRDA:7,1,1,0
BRDA:10,2,0,0
BRDA:10,2,1,0
BRF:6
BRH:2
end_of_record
TN:
SF:models\user.js
FN:6,(anonymous_0)
FN:15,(anonymous_1)
FN:16,(anonymous_2)
FN:22,(anonymous_3)
FN:33,(anonymous_4)
FN:34,(anonymous_5)
FN:52,(anonymous_6)
FN:53,(anonymous_7)
FN:67,(anonymous_8)
FN:68,(anonymous_9)
FN:82,(anonymous_10)
FN:83,(anonymous_11)
FN:98,(anonymous_12)
FN:99,(anonymous_13)
FN:105,(anonymous_14)
FN:113,(anonymous_15)
FN:114,(anonymous_16)
FN:120,(anonymous_17)
FN:132,(anonymous_18)
FN:134,(anonymous_19)
FN:137,(anonymous_20)
FN:161,(anonymous_21)
FN:162,(anonymous_22)
FN:172,(anonymous_23)
FN:172,(anonymous_24)
FN:189,(anonymous_25)
FN:190,(anonymous_26)
FN:198,(anonymous_27)
FN:199,(anonymous_28)
FN:214,(anonymous_29)
FN:215,(anonymous_30)
FN:219,(anonymous_31)
FN:232,(anonymous_32)
FN:233,(anonymous_33)
FN:238,(anonymous_34)
FNF:35
FNH:5
FNDA:0,(anonymous_0)
FNDA:0,(anonymous_1)
FNDA:0,(anonymous_2)
FNDA:0,(anonymous_3)
FNDA:1,(anonymous_4)
FNDA:1,(anonymous_5)
FNDA:0,(anonymous_6)
FNDA:0,(anonymous_7)
FNDA:0,(anonymous_8)
FNDA:0,(anonymous_9)
FNDA:0,(anonymous_10)
FNDA:0,(anonymous_11)
FNDA:0,(anonymous_12)
FNDA:0,(anonymous_13)
FNDA:0,(anonymous_14)
FNDA:0,(anonymous_15)
FNDA:0,(anonymous_16)
FNDA:0,(anonymous_17)
FNDA:1,(anonymous_18)
FNDA:1,(anonymous_19)
FNDA:1,(anonymous_20)
FNDA:0,(anonymous_21)
FNDA:0,(anonymous_22)
FNDA:0,(anonymous_23)
FNDA:0,(anonymous_24)
FNDA:0,(anonymous_25)
FNDA:0,(anonymous_26)
FNDA:0,(anonymous_27)
FNDA:0,(anonymous_28)
FNDA:0,(anonymous_29)
FNDA:0,(anonymous_30)
FNDA:0,(anonymous_31)
FNDA:0,(anonymous_32)
FNDA:0,(anonymous_33)
FNDA:0,(anonymous_34)
DA:1,3
DA:2,3
DA:4,3
DA:7,0
DA:8,0
DA:9,0
DA:10,0
DA:11,0
DA:16,0
DA:17,0
DA:18,0
DA:19,0
DA:21,0
DA:22,0
DA:23,0
DA:25,0
DA:26,0
DA:34,1
DA:35,1
DA:36,1
DA:38,1
DA:39,1
DA:42,1
DA:43,1
DA:44,1
DA:46,0
DA:47,0
DA:53,0
DA:54,0
DA:55,0
DA:56,0
DA:57,0
DA:58,0
DA:59,0
DA:60,0
DA:62,0
DA:68,0
DA:69,0
DA:70,0
DA:71,0
DA:72,0
DA:73,0
DA:75,0
DA:83,0
DA:84,0
DA:85,0
DA:86,0
DA:87,0
DA:88,0
DA:89,0
DA:91,0
DA:99,0
DA:100,0
DA:101,0
DA:102,0
DA:103,0
DA:104,0
DA:105,0
DA:106,0
DA:108,0
DA:114,0
DA:115,0
DA:116,0
DA:117,0
DA:118,0
DA:119,0
DA:120,0
DA:121,0
DA:122,0
DA:124,0
DA:134,1
DA:135,1
DA:136,1
DA:137,1
DA:138,1
DA:150,1
DA:153,0
DA:162,0
DA:163,0
DA:165,0
DA:166,0
DA:167,0
DA:168,0
DA:172,0
DA:178,0
DA:179,0
DA:181,0
DA:190,0
DA:191,0
DA:192,0
DA:193,0
DA:194,0
DA:195,0
DA:197,0
DA:198,0
DA:199,0
DA:200,0
DA:202,0
DA:204,0
DA:205,0
DA:207,0
DA:215,0
DA:216,0
DA:217,0
DA:218,0
DA:219,0
DA:220,0
DA:221,0
DA:222,0
DA:223,0
DA:224,0
DA:226,0
DA:233,0
DA:234,0
DA:235,0
DA:236,0
DA:237,0
DA:238,0
DA:239,0
DA:240,0
DA:242,0
DA:243,0
DA:245,0
DA:247,0
DA:258,3
LF:125
LH:18
BRF:0
BRH:0
end_of_record
TN:
SF:tests\testDb\initTest.js
FN:6,(anonymous_0)
FNF:1
FNH:1
FNDA:2,(anonymous_0)
DA:1,1
DA:2,1
DA:4,1
DA:6,1
DA:9,2
DA:12,0
DA:14,1
LF:7
LH:6
BRF:0
BRH:0
end_of_record
